C:\Program Files (x86)\Microsoft Visual Studio\2019\Community\MSBuild\Microsoft\VC\v160\Microsoft.CppBuild.targets(438,5): warning MSB8004: Output Directory does not end with a trailing slash.  This build instance will add the slash as it is required to allow proper evaluation of the Output Directory.
  stdafx.cpp
  Background.cpp
  CameraManager.cpp
  CollisionManager.cpp
  FileManager.cpp
  Frame.cpp
  FrameManager.cpp
  GameObject.cpp
  GdiImage.cpp
  GdiManager.cpp
  GdiPlusImage.cpp
  GdiPlusManager.cpp
  KeyManager.cpp
  Maingame.cpp
  Monster.cpp
  Mouse.cpp
  ObjectManager.cpp
  Player.cpp
  Project_NGP.cpp
  Scene.cpp
  SceneManager.cpp
  컴파일하고 있습니다...
  TestScene.cpp
  Timer.cpp
  TimerManager.cpp
  코드를 생성하고 있습니다.
  13 of 1184 functions ( 1.1%) were compiled, the rest were copied from previous compilation.
    0 functions were new in current compilation
    0 functions had inline decision re-evaluated but remain unchanged
  코드를 생성했습니다.
  Project_NGP.vcxproj -> C:\Users\Bum\Desktop\GitHub\Project_NGP\Project_NGP\Project_NGP\..\Bin\Bin64_Release\Project_NGP.exe
