c:\users\ms\desktop\github\project_ngp\project_ngp\project_ngp\debug\vc141.pdb
c:\users\ms\desktop\github\project_ngp\project_ngp\project_ngp\debug\vc141.idb
c:\users\ms\desktop\github\project_ngp\project_ngp\project_ngp\debug\timermanager.obj
c:\users\ms\desktop\github\project_ngp\project_ngp\project_ngp\debug\timer.obj
c:\users\ms\desktop\github\project_ngp\project_ngp\project_ngp\debug\project_ngp.obj
c:\users\ms\desktop\github\project_ngp\project_ngp\project_ngp\debug\framemanager.obj
c:\users\ms\desktop\github\project_ngp\project_ngp\project_ngp\debug\frame.obj
c:\users\ms\desktop\github\project_ngp\project_ngp\project_ngp\debug\maingame.obj
c:\users\ms\desktop\github\project_ngp\project_ngp\project_ngp\debug\gameobject.obj
c:\users\ms\desktop\github\project_ngp\project_ngp\project_ngp\debug\player.obj
c:\users\ms\desktop\github\project_ngp\project_ngp\project_ngp\debug\project_ngp.pch
c:\users\ms\desktop\github\project_ngp\project_ngp\project_ngp\debug\stdafx.obj
c:\users\ms\desktop\github\project_ngp\project_ngp\project_ngp\debug\keymanager.obj
c:\users\ms\desktop\github\project_ngp\project_ngp\debug\project_ngp.exe
c:\users\ms\desktop\github\project_ngp\project_ngp\debug\project_ngp.ilk
c:\users\ms\desktop\github\project_ngp\project_ngp\debug\project_ngp.pdb
c:\users\ms\desktop\github\project_ngp\project_ngp\project_ngp\debug\project_ngp.res
c:\users\ms\desktop\github\project_ngp\project_ngp\project_ngp\debug\project_ngp.tlog\cl.command.1.tlog
c:\users\ms\desktop\github\project_ngp\project_ngp\project_ngp\debug\project_ngp.tlog\cl.read.1.tlog
c:\users\ms\desktop\github\project_ngp\project_ngp\project_ngp\debug\project_ngp.tlog\cl.write.1.tlog
c:\users\ms\desktop\github\project_ngp\project_ngp\project_ngp\debug\project_ngp.tlog\link.command.1.tlog
c:\users\ms\desktop\github\project_ngp\project_ngp\project_ngp\debug\project_ngp.tlog\link.read.1.tlog
c:\users\ms\desktop\github\project_ngp\project_ngp\project_ngp\debug\project_ngp.tlog\link.write.1.tlog
c:\users\ms\desktop\github\project_ngp\project_ngp\project_ngp\debug\project_ngp.tlog\rc.command.1.tlog
c:\users\ms\desktop\github\project_ngp\project_ngp\project_ngp\debug\project_ngp.tlog\rc.read.1.tlog
c:\users\ms\desktop\github\project_ngp\project_ngp\project_ngp\debug\project_ngp.tlog\rc.write.1.tlog
