c:\users\ms\desktop\github\project_ngp\project_ngp\project_ngp\release\project_ngp.pch
c:\users\ms\desktop\github\project_ngp\project_ngp\project_ngp\release\vc141.pdb
c:\users\ms\desktop\github\project_ngp\project_ngp\project_ngp\release\stdafx.obj
c:\users\ms\desktop\github\project_ngp\project_ngp\project_ngp\release\timermanager.obj
c:\users\ms\desktop\github\project_ngp\project_ngp\project_ngp\release\timer.obj
c:\users\ms\desktop\github\project_ngp\project_ngp\project_ngp\release\project_ngp.obj
c:\users\ms\desktop\github\project_ngp\project_ngp\project_ngp\release\player.obj
c:\users\ms\desktop\github\project_ngp\project_ngp\project_ngp\release\maingame.obj
c:\users\ms\desktop\github\project_ngp\project_ngp\project_ngp\release\keymanager.obj
c:\users\ms\desktop\github\project_ngp\project_ngp\project_ngp\release\gameobject.obj
c:\users\ms\desktop\github\project_ngp\project_ngp\project_ngp\release\framemanager.obj
c:\users\ms\desktop\github\project_ngp\project_ngp\project_ngp\release\frame.obj
c:\users\ms\desktop\github\project_ngp\project_ngp\release\project_ngp.exe
c:\users\ms\desktop\github\project_ngp\project_ngp\release\project_ngp.pdb
c:\users\ms\desktop\github\project_ngp\project_ngp\release\project_ngp.ipdb
c:\users\ms\desktop\github\project_ngp\project_ngp\release\project_ngp.iobj
c:\users\ms\desktop\github\project_ngp\project_ngp\project_ngp\release\project_ngp.res
c:\users\ms\desktop\github\project_ngp\project_ngp\project_ngp\release\project_ngp.tlog\cl.command.1.tlog
c:\users\ms\desktop\github\project_ngp\project_ngp\project_ngp\release\project_ngp.tlog\cl.read.1.tlog
c:\users\ms\desktop\github\project_ngp\project_ngp\project_ngp\release\project_ngp.tlog\cl.write.1.tlog
c:\users\ms\desktop\github\project_ngp\project_ngp\project_ngp\release\project_ngp.tlog\link.command.1.tlog
c:\users\ms\desktop\github\project_ngp\project_ngp\project_ngp\release\project_ngp.tlog\link.read.1.tlog
c:\users\ms\desktop\github\project_ngp\project_ngp\project_ngp\release\project_ngp.tlog\link.write.1.tlog
c:\users\ms\desktop\github\project_ngp\project_ngp\project_ngp\release\project_ngp.tlog\project_ngp.write.1u.tlog
c:\users\ms\desktop\github\project_ngp\project_ngp\project_ngp\release\project_ngp.tlog\rc.command.1.tlog
c:\users\ms\desktop\github\project_ngp\project_ngp\project_ngp\release\project_ngp.tlog\rc.read.1.tlog
c:\users\ms\desktop\github\project_ngp\project_ngp\project_ngp\release\project_ngp.tlog\rc.write.1.tlog
